<?xml version="1.0" encoding="UTF-8"?>
<!-- Generated by org.testng.reporters.JUnitXMLReporter -->
<testsuite ignored="0" hostname="SV5S1HQ93" failures="0" tests="6" name="Regression1" time="38.99" errors="0" timestamp="2022-09-13T11:55:35 CST">
  <testcase classname="APITest" name="serverValidation" time="1.935"/>
  <testcase classname="APITest" name="getUserThatMatchEmail" time="1.262"/>
  <testcase classname="APITest" name="createUser" time="0.561"/>
  <testcase classname="APITest" name="createUser" time="0.449"/>
  <testcase classname="APITest" name="createUser" time="33.586"/>
  <testcase classname="APITest" name="saveRequestInPOJO" time="1.193"/>
</testsuite> <!-- Regression1 -->
