<?xml version="1.0" encoding="UTF-8"?>
<!-- Generated by org.testng.reporters.JUnitXMLReporter -->
<testsuite ignored="0" hostname="SV5S1HQ93" failures="0" tests="16" name="Regression1" time="47.94" errors="0" timestamp="2022-09-13T11:54:55 CST">
  <testcase classname="HomeWorkWeek4" name="setup" time="10.194"/>
  <testcase classname="HomeWorkWeek4" name="radioButtonsCheck" time="0.313"/>
  <testcase classname="HomeWorkWeek4" name="autocompleteInputCountries" time="0.749"/>
  <testcase classname="HomeWorkWeek4" name="dropdownBehavior" time="0.374"/>
  <testcase classname="HomeWorkWeek4" name="clickOnButtonsAndCompareUrl" time="7.192"/>
  <testcase classname="HomeWorkWeek4" name="OpenNineTabs" time="2.369"/>
  <testcase classname="HomeWorkWeek4" name="finished" time="0.644"/>
  <testcase classname="HomeWorkWeek5" name="setup" time="2.703"/>
  <testcase classname="HomeWorkWeek5" name="openTabs" time="4.805"/>
  <testcase classname="HomeWorkWeek5" name="search" time="2.109"/>
  <testcase classname="HomeWorkWeek5" name="hoverActions" time="2.781"/>
  <testcase classname="HomeWorkWeek6" name="setup" time="4.853"/>
  <testcase classname="HomeWorkWeek6" name="formsTest" time="1.354"/>
  <testcase classname="HomeWorkWeek6" name="tabsTest" time="1.656"/>
  <testcase classname="HomeWorkWeek6" name="alertsTest" time="5.265"/>
  <testcase classname="HomeWorkWeek6" name="finishSession" time="0.544"/>
</testsuite> <!-- Regression1 -->
