<?xml version="1.0" encoding="UTF-8" ?>
<testsuite tests="22" failures="0" name="TestSuite" time="86.896" errors="0" skipped="0">
  <properties>
[...]
</properties>
  <testcase classname="HomeWorkWeek4" name="setup" time="10.197"/>
  <testcase classname="HomeWorkWeek4" name="radioButtonsCheck" time="0.313"/>
  <testcase classname="HomeWorkWeek4" name="autocompleteInputCountries" time="0.748"/>
  <testcase classname="HomeWorkWeek4" name="dropdownBehavior" time="0.373"/>
  <testcase classname="HomeWorkWeek4" name="clickOnButtonsAndCompareUrl" time="7.193"/>
  <testcase classname="HomeWorkWeek4" name="OpenNineTabs" time="2.369"/>
  <testcase classname="HomeWorkWeek4" name="finished" time="0.645"/>
  <testcase classname="HomeWorkWeek5" name="setup" time="2.703"/>
  <testcase classname="HomeWorkWeek5" name="openTabs" time="4.805"/>
  <testcase classname="HomeWorkWeek5" name="search" time="2.109"/>
  <testcase classname="HomeWorkWeek5" name="hoverActions" time="2.782"/>
  <testcase classname="HomeWorkWeek6" name="setup" time="4.853"/>
  <testcase classname="HomeWorkWeek6" name="formsTest" time="1.354"/>
  <testcase classname="HomeWorkWeek6" name="tabsTest" time="1.656"/>
  <testcase classname="HomeWorkWeek6" name="alertsTest" time="5.265"/>
  <testcase classname="HomeWorkWeek6" name="finishSession" time="0.544"/>
  <testcase classname="APITest" name="serverValidation" time="1.936"/>
  <testcase classname="APITest" name="getUserThatMatchEmail" time="1.262"/>
  <testcase classname="APITest" name="createUser" time="0.562"/>
  <testcase classname="APITest" name="createUser" time="0.449"/>
  <testcase classname="APITest" name="createUser" time="33.585"/>
  <testcase classname="APITest" name="saveRequestInPOJO" time="1.193"/>
</testsuite>